0 info it worked if it ends with ok
1 verbose cli [ '/usr/local/Cellar/node/0.10.26/bin/node',
1 verbose cli   '/usr/local/bin/npm',
1 verbose cli   'install',
1 verbose cli   'gulp-less' ]
2 info using npm@1.4.3
3 info using node@v0.10.26
4 warn package.json TravelAppWeb@1.0.0 No repository field.
5 verbose readDependencies using package.json deps
6 verbose cache add [ 'gulp-less@^0.7.1', null ]
7 verbose cache add name=undefined spec="gulp-less@^0.7.1" args=["gulp-less@^0.7.1",null]
8 verbose parsed url { protocol: null,
8 verbose parsed url   slashes: null,
8 verbose parsed url   auth: null,
8 verbose parsed url   host: null,
8 verbose parsed url   port: null,
8 verbose parsed url   hostname: null,
8 verbose parsed url   hash: null,
8 verbose parsed url   search: null,
8 verbose parsed url   query: null,
8 verbose parsed url   pathname: 'gulp-less@^0.7.1',
8 verbose parsed url   path: 'gulp-less@^0.7.1',
8 verbose parsed url   href: 'gulp-less@^0.7.1' }
9 verbose cache add name="gulp-less" spec="^0.7.1" args=["gulp-less","^0.7.1"]
10 verbose parsed url { protocol: null,
10 verbose parsed url   slashes: null,
10 verbose parsed url   auth: null,
10 verbose parsed url   host: null,
10 verbose parsed url   port: null,
10 verbose parsed url   hostname: null,
10 verbose parsed url   hash: null,
10 verbose parsed url   search: null,
10 verbose parsed url   query: null,
10 verbose parsed url   pathname: '^0.7.1',
10 verbose parsed url   path: '^0.7.1',
10 verbose parsed url   href: '^0.7.1' }
11 verbose addNamed [ 'gulp-less', '^0.7.1' ]
12 verbose addNamed [ null, '>=0.7.1-0 <0.8.0-0' ]
13 silly lockFile 066cefbb-gulp-less-0-7-1 gulp-less@^0.7.1
14 verbose lock gulp-less@^0.7.1 /Users/jesse/.npm/066cefbb-gulp-less-0-7-1.lock
15 silly addNameRange { name: 'gulp-less',
15 silly addNameRange   range: '>=0.7.1-0 <0.8.0-0',
15 silly addNameRange   hasData: false }
16 verbose url raw gulp-less
17 verbose url resolving [ 'https://registry.npmjs.org/', './gulp-less' ]
18 verbose url resolved https://registry.npmjs.org/gulp-less
19 info trying registry request attempt 1 at 20:05:09
20 http GET https://registry.npmjs.org/gulp-less
21 http 200 https://registry.npmjs.org/gulp-less
22 silly registry.get cb [ 200,
22 silly registry.get   { date: 'Tue, 03 Jun 2014 00:05:06 GMT',
22 silly registry.get     server: 'CouchDB/1.5.0 (Erlang OTP/R14B04)',
22 silly registry.get     etag: '"8R3NFOEVXO59GPGNY6VLN9A3K"',
22 silly registry.get     'content-type': 'application/json',
22 silly registry.get     via: '1.1 varnish',
22 silly registry.get     'cache-control': 'max-age=1',
22 silly registry.get     'content-length': '23522',
22 silly registry.get     'accept-ranges': 'bytes',
22 silly registry.get     age: '125',
22 silly registry.get     'x-served-by': 'cache-v44-ASH, cache-jfk1035-JFK',
22 silly registry.get     'x-cache': 'MISS, MISS',
22 silly registry.get     'x-cache-hits': '0, 0',
22 silly registry.get     'x-timer': 'S1401753906.428619,VS0,VE83',
22 silly registry.get     vary: 'Accept',
22 silly registry.get     'keep-alive': 'timeout=10, max=50',
22 silly registry.get     connection: 'Keep-Alive' } ]
23 silly addNameRange number 2 { name: 'gulp-less', range: '>=0.7.1-0 <0.8.0-0', hasData: true }
24 silly addNameRange versions [ 'gulp-less',
24 silly addNameRange   [ '0.0.0',
24 silly addNameRange     '0.0.1',
24 silly addNameRange     '0.0.2',
24 silly addNameRange     '0.0.3',
24 silly addNameRange     '1.0.1',
24 silly addNameRange     '1.0.0',
24 silly addNameRange     '1.0.2',
24 silly addNameRange     '1.1.0',
24 silly addNameRange     '1.1.1',
24 silly addNameRange     '1.1.3',
24 silly addNameRange     '1.1.4',
24 silly addNameRange     '1.1.5',
24 silly addNameRange     '1.1.6',
24 silly addNameRange     '1.1.7',
24 silly addNameRange     '1.1.8',
24 silly addNameRange     '1.1.10',
24 silly addNameRange     '1.2.0',
24 silly addNameRange     '1.2.1',
24 silly addNameRange     '1.2.2',
24 silly addNameRange     '1.2.3' ] ]
25 silly lockFile 066cefbb-gulp-less-0-7-1 gulp-less@^0.7.1
26 silly lockFile 066cefbb-gulp-less-0-7-1 gulp-less@^0.7.1
27 error notarget No compatible version found: gulp-less@'>=0.7.1-0 <0.8.0-0'
27 error notarget Valid install targets:
27 error notarget ["0.0.0","0.0.1","0.0.2","0.0.3","1.0.1","1.0.0","1.0.2","1.1.0","1.1.1","1.1.3","1.1.4","1.1.5","1.1.6","1.1.7","1.1.8","1.1.10","1.2.0","1.2.1","1.2.2","1.2.3"]
27 error notarget
27 error notarget This is most likely not a problem with npm itself.
27 error notarget In most cases you or one of your dependencies are requesting
27 error notarget a package version that doesn't exist.
28 error System Darwin 13.1.0
29 error command "/usr/local/Cellar/node/0.10.26/bin/node" "/usr/local/bin/npm" "install" "gulp-less"
30 error cwd /Users/jesse/workspace/travelapp_web
31 error node -v v0.10.26
32 error npm -v 1.4.3
33 error code ETARGET
34 verbose exit [ 1, true ]
